\BOOKMARK [1][-]{section.1}{\376\377\000M\000o\000d\000e\000l\000\040\000F\000r\000a\000m\000e\000w\000o\000r\000k}{}% 1
\BOOKMARK [1][-]{section.2}{\376\377\000M\000u\000t\000u\000a\000l\000\040\000I\000n\000f\000o\000r\000m\000a\000t\000i\000o\000n\000\040\000i\000n\000\040\000M\000a\000r\000k\000o\000v\000\040\000C\000h\000a\000i\000n\000s}{}% 2
\BOOKMARK [2][-]{subsection.2.1}{\376\377\000E\000x\000p\000o\000n\000e\000n\000t\000i\000a\000l\000\040\000D\000e\000c\000a\000y\000\040\000i\000n\000\040\000I\000r\000r\000e\000d\000u\000c\000i\000b\000l\000e\000\040\000A\000p\000e\000r\000i\000o\000d\000i\000c\000\040\000M\000a\000r\000k\000o\000v\000\040\000C\000h\000a\000i\000n\000s}{section.2}% 3
\BOOKMARK [3][-]{subsubsection.2.1.1}{\376\377\000T\000h\000e\000\040\000D\000e\000f\000e\000c\000t\000i\000v\000e\000\040\000C\000a\000s\000e}{subsection.2.1}% 4
\BOOKMARK [2][-]{subsection.2.2}{\376\377\000N\000o\000\040\000M\000a\000r\000k\000o\000v\000\040\000C\000h\000a\000i\000n\000\040\000w\000i\000t\000h\000\040\000P\000o\000w\000e\000r\000-\000L\000a\000w\000\040\000B\000e\000h\000a\000v\000i\000o\000r}{section.2}% 5
\BOOKMARK [1][-]{section.3}{\376\377\000N\000o\000\040\000P\000o\000w\000e\000r\000-\000L\000a\000w\000\040\000i\000n\000\040\000H\000i\000d\000d\000e\000n\000\040\000M\000a\000r\000k\000o\000v\000\040\000M\000o\000d\000e\000l\000s}{}% 6
\BOOKMARK [2][-]{subsection.3.1}{\376\377\000C\000o\000n\000c\000l\000u\000s\000i\000o\000n\000s\000\040\000f\000o\000r\000\040\000M\000o\000d\000e\000l\000\040\000S\000e\000l\000e\000c\000t\000i\000o\000n}{section.3}% 7
\BOOKMARK [1][-]{section.4}{\376\377\000B\000i\000n\000a\000r\000y\000\040\000T\000r\000e\000e\000\040\000T\000e\000n\000s\000o\000r\000\040\000N\000e\000t\000w\000o\000r\000k\000s}{}% 8
\BOOKMARK [2][-]{subsection.4.1}{\376\377\000B\000u\000l\000k\000\040\000M\000a\000r\000g\000i\000n\000a\000l\000\040\000P\000r\000o\000p\000e\000r\000t\000y}{section.4}% 9
\BOOKMARK [2][-]{subsection.4.2}{\376\377\000B\000i\000n\000a\000r\000y\000\040\000T\000r\000e\000e\000\040\000T\000e\000n\000s\000o\000r\000\040\000N\000e\000t\000w\000o\000r\000k\000s\000\040\000a\000r\000e\000\040\000U\000n\000i\000v\000e\000r\000s\000a\000l\000\040\000A\000p\000p\000r\000o\000x\000i\000m\000a\000t\000o\000r\000s}{section.4}% 10
\BOOKMARK [2][-]{subsection.4.3}{\376\377\000R\000e\000s\000t\000r\000i\000c\000t\000i\000n\000g\000\040\000P\000a\000r\000a\000m\000e\000t\000e\000r\000s}{section.4}% 11
\BOOKMARK [3][-]{subsubsection.4.3.1}{\376\377\000P\000C\000B\000T\000T\000N\000\040\000A\000r\000e\000n\000'\000t\000\040\000U\000n\000i\000v\000e\000r\000s\000a\000l\000\040\000A\000p\000p\000r\000o\000x\000i\000m\000a\000t\000o\000r\000s}{subsection.4.3}% 12
\BOOKMARK [2][-]{subsection.4.4}{\376\377\000P\000o\000w\000e\000r\000-\000L\000a\000w\000\040\000B\000e\000h\000a\000v\000i\000o\000r\000\040\000i\000n\000\040\000P\000C\000B\000T\000T\000N}{section.4}% 13
\BOOKMARK [1][-]{appendix.A}{\376\377\000M\000a\000r\000k\000o\000v\000\040\000C\000h\000a\000i\000n\000s}{}% 14
\BOOKMARK [2][-]{subsection.A.1}{\376\377\000P\000r\000o\000p\000e\000r\000t\000i\000e\000s}{appendix.A}% 15
\BOOKMARK [3][-]{subsubsection.A.1.1}{\376\377\000I\000r\000r\000e\000d\000u\000c\000i\000b\000i\000l\000i\000t\000y}{subsection.A.1}% 16
\BOOKMARK [3][-]{subsubsection.A.1.2}{\376\377\000A\000p\000e\000r\000i\000o\000d\000i\000c\000i\000t\000y}{subsection.A.1}% 17
\BOOKMARK [2][-]{subsection.A.2}{\376\377\000I\000r\000r\000e\000d\000u\000c\000i\000b\000l\000e\000\040\000A\000p\000e\000r\000i\000o\000d\000i\000c\000\040\000M\000a\000r\000k\000o\000v\000\040\000C\000h\000a\000i\000n\000s}{appendix.A}% 18
\BOOKMARK [2][-]{subsection.A.3}{\376\377\000P\000e\000r\000r\000o\000n\000-\000F\000r\000o\000b\000e\000n\000i\000u\000s\000\040\000T\000h\000e\000o\000r\000e\000m}{appendix.A}% 19
\BOOKMARK [1][-]{appendix.B}{\376\377\000I\000n\000f\000o\000r\000m\000a\000t\000i\000o\000n\000\040\000T\000h\000e\000o\000r\000y}{}% 20
\BOOKMARK [2][-]{subsection.B.1}{\376\377\000E\000n\000t\000r\000o\000p\000y}{appendix.B}% 21
\BOOKMARK [3][-]{subsubsection.B.1.1}{\376\377\000J\000o\000i\000n\000t\000,\000\040\000C\000o\000n\000d\000i\000t\000i\000o\000n\000a\000l\000,\000\040\000a\000n\000d\000\040\000C\000r\000o\000s\000s\000\040\000E\000n\000t\000r\000o\000p\000y}{subsection.B.1}% 22
\BOOKMARK [3][-]{subsubsection.B.1.2}{\376\377\000P\000r\000o\000p\000e\000r\000t\000i\000e\000s\000\040\000o\000f\000\040\000E\000n\000t\000r\000o\000p\000y}{subsection.B.1}% 23
\BOOKMARK [2][-]{subsection.B.2}{\376\377\000K\000u\000l\000l\000b\000a\000c\000k\000-\000L\000e\000i\000b\000l\000e\000r\000\040\000D\000i\000v\000e\000r\000g\000e\000n\000c\000e}{appendix.B}% 24
\BOOKMARK [2][-]{subsection.B.3}{\376\377\000M\000u\000t\000u\000a\000l\000\040\000I\000n\000f\000o\000r\000m\000a\000t\000i\000o\000n}{appendix.B}% 25
\BOOKMARK [3][-]{subsubsection.B.3.1}{\376\377\000D\000a\000t\000a\000\040\000P\000r\000o\000c\000e\000s\000s\000i\000n\000g\000\040\000I\000n\000e\000q\000u\000a\000l\000i\000t\000y}{subsection.B.3}% 26
\BOOKMARK [2][-]{subsection.B.4}{\376\377\000B\000o\000u\000n\000d\000i\000n\000g\000\040\000M\000u\000t\000u\000a\000l\000\040\000I\000n\000f\000o\000r\000m\000a\000t\000i\000o\000n\000\040\000v\000i\000a\000\040\000M\000a\000t\000r\000i\000x\000\040\000R\000a\000n\000k\000\040\000o\000f\000\040\000t\000h\000e\000\040\000J\000o\000i\000n\000t\000\040\000D\000i\000s\000t\000r\000i\000b\000u\000t\000i\000o\000n}{appendix.B}% 27
\BOOKMARK [1][-]{appendix.C}{\376\377\000T\000e\000n\000s\000o\000r\000\040\000N\000e\000t\000w\000o\000r\000k\000s}{}% 28
\BOOKMARK [2][-]{subsection.C.1}{\376\377\000R\000e\000s\000h\000a\000p\000i\000n\000g\000\040\000a\000\040\000T\000e\000n\000s\000o\000r\000\040\000b\000y\000\040\000a\000\040\000P\000a\000r\000t\000i\000t\000i\000o\000n\000\040\000\050\000M\000a\000t\000r\000i\000c\000i\000z\000a\000t\000i\000o\000n\000\051}{appendix.C}% 29
\BOOKMARK [3][-]{subsubsection.C.1.1}{\376\377\000A\000n\000\040\000U\000p\000p\000e\000r\000\040\000B\000o\000u\000n\000d\000\040\000f\000o\000r\000\040\000t\000h\000e\000\040\000R\000a\000n\000k\000\040\000o\000f\000\040\000M\000a\000t\000r\000i\000c\000e\000s\000\040\000i\000n\000\040\000T\000e\000n\000s\000o\000r\000\040\000N\000e\000t\000w\000o\000r\000k\000s}{subsection.C.1}% 30
